Wed 20 Mar 2024 01:59:52 PM UTC: 
 tests:  0|5
total_score: 0/70
737f50a
Wed 20 Mar 2024 02:13:31 PM UTC: 
 exercises.c | 10 +++++++++-
 1 file changed, 9 insertions(+), 1 deletion(-)
In file included from test.c:5:
exercises.c: In function ‘crea_lista’:
exercises.c:50:14: error: expected expression before ‘List’
   50 |     pushBack(List *L, int i);
      |              ^~~~
exercises.c:50:5: error: too few arguments to function ‘pushBack’
   50 |     pushBack(List *L, int i);
      |     ^~~~~~~~
In file included from exercises.c:6,
                 from test.c:5:
arraylist.h:20:6: note: declared here
   20 | void pushBack(List *L, void *dato);
      |      ^~~~~~~~
In file included from test.c:5:
exercises.c:49:10: error: unused variable ‘i’ [-Werror=unused-variable]
   49 |     int* i = (int *)malloc(sizeof(int));
      |          ^
cc1: all warnings being treated as errors
Compilation failed
490c63d
Wed 20 Mar 2024 02:14:05 PM UTC: 
 exercises.c | 2 +-
 1 file changed, 1 insertion(+), 1 deletion(-)
In file included from test.c:5:
exercises.c: In function ‘crea_lista’:
exercises.c:50:14: error: expected expression before ‘List’
   50 |     pushBack(List L, int i);
      |              ^~~~
exercises.c:50:5: error: too few arguments to function ‘pushBack’
   50 |     pushBack(List L, int i);
      |     ^~~~~~~~
In file included from exercises.c:6,
                 from test.c:5:
arraylist.h:20:6: note: declared here
   20 | void pushBack(List *L, void *dato);
      |      ^~~~~~~~
In file included from test.c:5:
exercises.c:49:10: error: unused variable ‘i’ [-Werror=unused-variable]
   49 |     int* i = (int *)malloc(sizeof(int));
      |          ^
cc1: all warnings being treated as errors
Compilation failed
be86fbc
Wed 20 Mar 2024 02:14:27 PM UTC: 
 exercises.c | 2 +-
 1 file changed, 1 insertion(+), 1 deletion(-)
In file included from test.c:5:
exercises.c: In function ‘crea_lista’:
exercises.c:50:18: error: expected expression before ‘int’
   50 |     pushBack( L, int i);
      |                  ^~~
exercises.c:49:10: error: unused variable ‘i’ [-Werror=unused-variable]
   49 |     int* i = (int *)malloc(sizeof(int));
      |          ^
cc1: all warnings being treated as errors
Compilation failed
c5cd209
Wed 20 Mar 2024 02:23:49 PM UTC: 
 exercises.c | 5 ++---
 1 file changed, 2 insertions(+), 3 deletions(-)
In file included from test.c:5:
exercises.c: In function ‘crea_lista’:
exercises.c:51:18: error: expected expression before ‘int’
   51 |     pushBack( L, int i);
      |                  ^~~
Compilation failed
9afe45e
Wed 20 Mar 2024 02:24:33 PM UTC: 
 exercises.c | 2 +-
 1 file changed, 1 insertion(+), 1 deletion(-)
 tests:  1|4
total_score: 10/70
f9989b3
Wed 20 Mar 2024 02:40:36 PM UTC: 
 exercises.c | 13 ++++++++++++-
 1 file changed, 12 insertions(+), 1 deletion(-)
 tests:  1|4
total_score: 10/70
ad91610
Wed 20 Mar 2024 02:41:56 PM UTC: 
 exercises.c | 2 +-
 1 file changed, 1 insertion(+), 1 deletion(-)
In file included from test.c:5:
exercises.c: In function ‘sumaLista’:
exercises.c:66:8: error: assignment to ‘int’ from ‘int *’ makes integer from pointer without a cast [-Werror=int-conversion]
   66 |   dato = (int*)first(L);
      |        ^
exercises.c:67:14: error: comparison between pointer and integer [-Werror]
   67 |   while(dato != NULL)
      |              ^~
exercises.c:69:15: error: invalid type argument of unary ‘*’ (have ‘int’)
   69 |       suma += *dato;
      |               ^~~~~
exercises.c:70:12: error: assignment to ‘int’ from ‘int *’ makes integer from pointer without a cast [-Werror=int-conversion]
   70 |       dato = (int*)next(L);
      |            ^
exercises.c:64:7: error: variable ‘suma’ set but not used [-Werror=unused-but-set-variable]
   64 |   int suma = 0;
      |       ^~~~
cc1: all warnings being treated as errors
Compilation failed
6db7723
Wed 20 Mar 2024 02:42:14 PM UTC: 
 exercises.c | 4 ++--
 1 file changed, 2 insertions(+), 2 deletions(-)
In file included from test.c:5:
exercises.c: In function ‘sumaLista’:
exercises.c:66:8: error: assignment to ‘int’ from ‘void *’ makes integer from pointer without a cast [-Werror=int-conversion]
   66 |   dato = first(L);
      |        ^
exercises.c:67:14: error: comparison between pointer and integer [-Werror]
   67 |   while(dato != NULL)
      |              ^~
exercises.c:70:12: error: assignment to ‘int’ from ‘int *’ makes integer from pointer without a cast [-Werror=int-conversion]
   70 |       dato = (int*)next(L);
      |            ^
cc1: all warnings being treated as errors
Compilation failed
7d3a75a
Wed 20 Mar 2024 02:42:39 PM UTC: 
 exercises.c | 2 +-
 1 file changed, 1 insertion(+), 1 deletion(-)
In file included from test.c:5:
exercises.c: In function ‘sumaLista’:
exercises.c:66:8: error: assignment to ‘int’ from ‘void *’ makes integer from pointer without a cast [-Werror=int-conversion]
   66 |   dato = first(L);
      |        ^
exercises.c:67:14: error: comparison between pointer and integer [-Werror]
   67 |   while(dato != NULL)
      |              ^~
exercises.c:70:12: error: assignment to ‘int’ from ‘void *’ makes integer from pointer without a cast [-Werror=int-conversion]
   70 |       dato = next(L);
      |            ^
cc1: all warnings being treated as errors
Compilation failed
13ac77f
Wed 20 Mar 2024 02:43:43 PM UTC: 
 exercises.c | 2 +-
 1 file changed, 1 insertion(+), 1 deletion(-)
In file included from test.c:5:
exercises.c: In function ‘sumaLista’:
exercises.c:66:8: error: assignment to ‘int’ from ‘void *’ makes integer from pointer without a cast [-Werror=int-conversion]
   66 |   dato = first(L);
      |        ^
exercises.c:67:14: error: comparison between pointer and integer [-Werror]
   67 |   while(dato != NULL)
      |              ^~
exercises.c:70:12: error: assignment to ‘int’ from ‘void *’ makes integer from pointer without a cast [-Werror=int-conversion]
   70 |       dato = next(L);
      |            ^
cc1: all warnings being treated as errors
Compilation failed
50f71f6
Wed 20 Mar 2024 02:46:19 PM UTC: 
 exercises.c | 11 +++--------
 1 file changed, 3 insertions(+), 8 deletions(-)
 tests:  1|4
total_score: 10/70
8f11049
Wed 20 Mar 2024 02:47:44 PM UTC: 
 exercises.c | 5 +++++
 1 file changed, 5 insertions(+)
 tests:  2|3
total_score: 20/70
ecf3452
Wed 20 Mar 2024 02:54:21 PM UTC: 
 exercises.c | 12 +++++++++++-
 1 file changed, 11 insertions(+), 1 deletion(-)
 tests:  3|2
total_score: 40/70
ec8710a
Fri 22 Mar 2024 03:07:42 AM UTC: 
 exercises.c | 18 +++++++++++++++++-
 1 file changed, 17 insertions(+), 1 deletion(-)
In file included from test.c:5:
exercises.c: In function ‘copia_pila’:
exercises.c:120:3: error: implicit declaration of function ‘free_stack’; did you mean ‘create_stack’? [-Werror=implicit-function-declaration]
  120 |   free_stack(P3);
      |   ^~~~~~~~~~
      |   create_stack
cc1: all warnings being treated as errors
Compilation failed
070aac7
Fri 22 Mar 2024 03:07:50 AM UTC: 
 exercises.c | 2 +-
 1 file changed, 1 insertion(+), 1 deletion(-)
 tests:  3|2
total_score: 40/70
8fcda94
Fri 22 Mar 2024 03:08:50 AM UTC: 
 exercises.c | 2 +-
 1 file changed, 1 insertion(+), 1 deletion(-)
 tests:  3|2
total_score: 40/70
b447b5f
Fri 22 Mar 2024 03:09:54 AM UTC: 
 exercises.c | 2 ++
 1 file changed, 2 insertions(+)
In file included from test.c:5:
exercises.c: In function ‘copia_pila’:
exercises.c:113:19: error: passing argument 1 of ‘next’ from incompatible pointer type [-Werror=incompatible-pointer-types]
  113 |       dato = next(dato);
      |                   ^~~~
      |                   |
      |                   int *
In file included from exercises.c:6,
                 from test.c:5:
arraylist.h:14:18: note: expected ‘List *’ but argument is of type ‘int *’
   14 | void* next(List *L);
      |            ~~~~~~^
In file included from test.c:5:
exercises.c:119:17: error: passing argument 1 of ‘next’ from incompatible pointer type [-Werror=incompatible-pointer-types]
  119 |     dato = next(dato);
      |                 ^~~~
      |                 |
      |                 int *
In file included from exercises.c:6,
                 from test.c:5:
arraylist.h:14:18: note: expected ‘List *’ but argument is of type ‘int *’
   14 | void* next(List *L);
      |            ~~~~~~^
cc1: all warnings being treated as errors
Compilation failed
59aa924
Fri 22 Mar 2024 03:10:42 AM UTC: 
 exercises.c | 2 +-
 1 file changed, 1 insertion(+), 1 deletion(-)
 tests:  3|2
total_score: 40/70
eb7ded8
Fri 22 Mar 2024 03:17:34 AM UTC: 
 exercises.c | 4 +++-
 1 file changed, 3 insertions(+), 1 deletion(-)
In file included from test.c:5:
exercises.c: In function ‘copia_pila’:
exercises.c:119:16: error: passing argument 1 of ‘pop’ from incompatible pointer type [-Werror=incompatible-pointer-types]
  119 |     dato = pop(&P3);
      |                ^~~
      |                |
      |                Stack ** {aka List **}
In file included from exercises.c:7,
                 from test.c:5:
stack.h:17:18: note: expected ‘Stack *’ {aka ‘List *’} but argument is of type ‘Stack **’ {aka ‘List **’}
   17 | void *pop(Stack *stack) { return popFront(stack); }
      |           ~~~~~~~^~~~~
cc1: all warnings being treated as errors
Compilation failed
0da94ca
Fri 22 Mar 2024 03:17:50 AM UTC: 
 exercises.c | 2 +-
 1 file changed, 1 insertion(+), 1 deletion(-)
 tests:  3|2
total_score: 40/70
c0ef844
Fri 22 Mar 2024 03:22:34 AM UTC: 
 exercises.c | 6 +++---
 1 file changed, 3 insertions(+), 3 deletions(-)
 tests:  3|2
total_score: 40/70
abbb010
Fri 22 Mar 2024 03:23:20 AM UTC: 
 exercises.c | 3 ++-
 1 file changed, 2 insertions(+), 1 deletion(-)
 tests:  3|2
total_score: 40/70
632a959
Fri 22 Mar 2024 03:24:13 AM UTC: 
 exercises.c | 2 +-
 1 file changed, 1 insertion(+), 1 deletion(-)
 tests:  3|2
total_score: 40/70
8b74263
Fri 22 Mar 2024 03:25:05 AM UTC: 
 exercises.c | 3 ++-
 1 file changed, 2 insertions(+), 1 deletion(-)
 tests:  3|2
total_score: 40/70
4440d1a
Fri 22 Mar 2024 03:27:49 AM UTC: 
 exercises.c | 26 +++++++++++++++++++++++++-
 1 file changed, 25 insertions(+), 1 deletion(-)
In file included from test.c:5:
exercises.c: In function ‘parentesisBalanceados’:
exercises.c:144:24: error: passing argument 2 of ‘push’ makes pointer from integer without a cast [-Werror=int-conversion]
  144 |         push(P1, cadena[i]);
      |                  ~~~~~~^~~
      |                        |
      |                        char
In file included from exercises.c:7,
                 from test.c:5:
stack.h:11:31: note: expected ‘void *’ but argument is of type ‘char’
   11 | void push(Stack *stack, void *data) { pushFront(stack, data); }
      |                         ~~~~~~^~~~
In file included from test.c:5:
exercises.c:150:23: error: comparison between pointer and integer [-Werror]
  150 |           if (top(P1) == '(')
      |                       ^~
cc1: all warnings being treated as errors
Compilation failed
ccca4db
Sat 23 Mar 2024 11:42:57 PM UTC: 
 exercises.c | 2 +-
 1 file changed, 1 insertion(+), 1 deletion(-)
In file included from test.c:5:
exercises.c: In function ‘parentesisBalanceados’:
exercises.c:144:24: error: passing argument 2 of ‘push’ makes pointer from integer without a cast [-Werror=int-conversion]
  144 |         push(P1, cadena[i]);
      |                  ~~~~~~^~~
      |                        |
      |                        char
In file included from exercises.c:7,
                 from test.c:5:
stack.h:11:31: note: expected ‘void *’ but argument is of type ‘char’
   11 | void push(Stack *stack, void *data) { pushFront(stack, data); }
      |                         ~~~~~~^~~~
In file included from test.c:5:
exercises.c:150:23: error: comparison between pointer and integer [-Werror]
  150 |           if (top(P1) == '(')
      |                       ^~
cc1: all warnings being treated as errors
Compilation failed
c6eeeaf
Sat 23 Mar 2024 11:43:48 PM UTC: 
 exercises.c | 2 +-
 1 file changed, 1 insertion(+), 1 deletion(-)
In file included from test.c:5:
exercises.c: In function ‘parentesisBalanceados’:
exercises.c:144:24: error: passing argument 2 of ‘push’ makes pointer from integer without a cast [-Werror=int-conversion]
  144 |         push(P1, cadena[i]);
      |                  ~~~~~~^~~
      |                        |
      |                        char
In file included from exercises.c:7,
                 from test.c:5:
stack.h:11:31: note: expected ‘void *’ but argument is of type ‘char’
   11 | void push(Stack *stack, void *data) { pushFront(stack, data); }
      |                         ~~~~~~^~~~
In file included from test.c:5:
exercises.c:150:23: error: comparison between pointer and integer [-Werror]
  150 |           if (top(P1) == '(')
      |                       ^~
cc1: all warnings being treated as errors
Compilation failed
d3c1f92
Sat 23 Mar 2024 11:44:34 PM UTC: 
 exercises.c | 2 +-
 1 file changed, 1 insertion(+), 1 deletion(-)
In file included from test.c:5:
exercises.c: In function ‘parentesisBalanceados’:
exercises.c:144:18: error: invalid type argument of unary ‘*’ (have ‘int’)
  144 |         push(P1, *cadena[i]);
      |                  ^~~~~~~~~~
exercises.c:150:23: error: comparison between pointer and integer [-Werror]
  150 |           if (top(P1) == '(')
      |                       ^~
cc1: all warnings being treated as errors
Compilation failed
bb890c1
Sat 23 Mar 2024 11:45:41 PM UTC: 
 exercises.c | 2 +-
 1 file changed, 1 insertion(+), 1 deletion(-)
In file included from test.c:5:
exercises.c: In function ‘parentesisBalanceados’:
exercises.c:144:18: error: invalid type argument of unary ‘*’ (have ‘int’)
  144 |         push(P1, *cadena[i]);
      |                  ^~~~~~~~~~
exercises.c:150:23: error: comparison between pointer and integer [-Werror]
  150 |           if (top(P1) == '(')
      |                       ^~
cc1: all warnings being treated as errors
Compilation failed
13aceb9
Sat 23 Mar 2024 11:46:33 PM UTC: 
 exercises.c | 4 ++--
 1 file changed, 2 insertions(+), 2 deletions(-)
In file included from test.c:5:
exercises.c: In function ‘parentesisBalanceados’:
exercises.c:163:1: error: control reaches end of non-void function [-Werror=return-type]
  163 | }
      | ^
cc1: all warnings being treated as errors
Compilation failed
1973e07
Sat 23 Mar 2024 11:46:49 PM UTC: 
 exercises.c | 4 ++--
 1 file changed, 2 insertions(+), 2 deletions(-)
In file included from test.c:5:
exercises.c:163:1: error: expected identifier or ‘(’ before ‘}’ token
  163 | }
      | ^
test.c: In function ‘test_parentesis_balanceados’:
test.c:217:9: error: implicit declaration of function ‘parentesisBalanceados’; did you mean ‘test_parentesis_balanceados’? [-Werror=implicit-function-declaration]
  217 |     if(!parentesisBalanceados(s)){
      |         ^~~~~~~~~~~~~~~~~~~~~
      |         test_parentesis_balanceados
cc1: all warnings being treated as errors
Compilation failed
da65c9c
Sat 23 Mar 2024 11:47:06 PM UTC: 
 exercises.c | 8 ++++----
 1 file changed, 4 insertions(+), 4 deletions(-)
 tests:  0|0
6280a2a
Sat 23 Mar 2024 11:47:55 PM UTC: 
 exercises.c | 1 +
 1 file changed, 1 insertion(+)
 tests:  3|2
total_score: 40/70
2191dd2
Sat 23 Mar 2024 11:49:01 PM UTC: 
 exercises.c | 3 ++-
 1 file changed, 2 insertions(+), 1 deletion(-)
 tests:  0|0
715c143
Sat 23 Mar 2024 11:49:19 PM UTC: 
 exercises.c | 1 +
 1 file changed, 1 insertion(+)
 tests:  3|2
total_score: 40/70
9f87937
Sat 23 Mar 2024 11:50:18 PM UTC: 
 exercises.c | 3 ++-
 1 file changed, 2 insertions(+), 1 deletion(-)
 tests:  3|2
total_score: 40/70
13316fd
Sat 23 Mar 2024 11:58:06 PM UTC: 
 exercises.c | 21 ++++++++-------------
 1 file changed, 8 insertions(+), 13 deletions(-)
In file included from test.c:5:
exercises.c: In function ‘copia_pila’:
exercises.c:110:11: error: implicit declaration of function ‘isEmpty’ [-Werror=implicit-function-declaration]
  110 |   while (!isEmpty(P1))
      |           ^~~~~~~
exercises.c:112:12: error: passing argument 1 of ‘push’ from incompatible pointer type [-Werror=incompatible-pointer-types]
  112 |       push(&P3, pop(P1));
      |            ^~~
      |            |
      |            Stack ** {aka List **}
In file included from exercises.c:7,
                 from test.c:5:
stack.h:11:18: note: expected ‘Stack *’ {aka ‘List *’} but argument is of type ‘Stack **’ {aka ‘List **’}
   11 | void push(Stack *stack, void *data) { pushFront(stack, data); }
      |           ~~~~~~~^~~~~
In file included from test.c:5:
exercises.c:116:22: error: passing argument 1 of ‘pop’ from incompatible pointer type [-Werror=incompatible-pointer-types]
  116 |       int dato = pop(&P3);
      |                      ^~~
      |                      |
      |                      Stack ** {aka List **}
In file included from exercises.c:7,
                 from test.c:5:
stack.h:17:18: note: expected ‘Stack *’ {aka ‘List *’} but argument is of type ‘Stack **’ {aka ‘List **’}
   17 | void *pop(Stack *stack) { return popFront(stack); }
      |           ~~~~~~~^~~~~
In file included from test.c:5:
exercises.c:116:18: error: initialization of ‘int’ from ‘void *’ makes integer from pointer without a cast [-Werror=int-conversion]
  116 |       int dato = pop(&P3);
      |                  ^~~
exercises.c:117:16: error: passing argument 2 of ‘push’ makes pointer from integer without a cast [-Werror=int-conversion]
  117 |       push(P2, dato);
      |                ^~~~
      |                |
      |                int
In file included from exercises.c:7,
                 from test.c:5:
stack.h:11:31: note: expected ‘void *’ but argument is of type ‘int’
   11 | void push(Stack *stack, void *data) { pushFront(stack, data); }
      |                         ~~~~~~^~~~
In file included from test.c:5:
exercises.c:118:16: error: passing argument 2 of ‘push’ makes pointer from integer without a cast [-Werror=int-conversion]
  118 |       push(P1, dato); // Opcional: Restaura el orden original de P1
      |                ^~~~
      |                |
      |                int
In file included from exercises.c:7,
                 from test.c:5:
stack.h:11:31: note: expected ‘void *’ but argument is of type ‘int’
   11 | void push(Stack *stack, void *data) { pushFront(stack, data); }
      |                         ~~~~~~^~~~
cc1: all warnings being treated as errors
Compilation failed
d9adfa2
Sun 24 Mar 2024 12:00:22 AM UTC: 
 exercises.c | 5 +++--
 1 file changed, 3 insertions(+), 2 deletions(-)
In file included from test.c:5:
exercises.c: In function ‘copia_pila’:
exercises.c:112:12: error: passing argument 1 of ‘push’ from incompatible pointer type [-Werror=incompatible-pointer-types]
  112 |       push(&P3, pop(P1));
      |            ^~~
      |            |
      |            Stack ** {aka List **}
In file included from exercises.c:7,
                 from test.c:5:
stack.h:11:18: note: expected ‘Stack *’ {aka ‘List *’} but argument is of type ‘Stack **’ {aka ‘List **’}
   11 | void push(Stack *stack, void *data) { pushFront(stack, data); }
      |           ~~~~~~~^~~~~
In file included from test.c:5:
exercises.c:117:22: error: passing argument 1 of ‘pop’ from incompatible pointer type [-Werror=incompatible-pointer-types]
  117 |       int dato = pop(&P3);
      |                      ^~~
      |                      |
      |                      Stack ** {aka List **}
In file included from exercises.c:7,
                 from test.c:5:
stack.h:17:18: note: expected ‘Stack *’ {aka ‘List *’} but argument is of type ‘Stack **’ {aka ‘List **’}
   17 | void *pop(Stack *stack) { return popFront(stack); }
      |           ~~~~~~~^~~~~
In file included from test.c:5:
exercises.c:117:18: error: initialization of ‘int’ from ‘void *’ makes integer from pointer without a cast [-Werror=int-conversion]
  117 |       int dato = pop(&P3);
      |                  ^~~
exercises.c:118:16: error: passing argument 2 of ‘push’ makes pointer from integer without a cast [-Werror=int-conversion]
  118 |       push(P2, dato);
      |                ^~~~
      |                |
      |                int
In file included from exercises.c:7,
                 from test.c:5:
stack.h:11:31: note: expected ‘void *’ but argument is of type ‘int’
   11 | void push(Stack *stack, void *data) { pushFront(stack, data); }
      |                         ~~~~~~^~~~
In file included from test.c:5:
exercises.c:119:16: error: passing argument 2 of ‘push’ makes pointer from integer without a cast [-Werror=int-conversion]
  119 |       push(P1, dato); // Opcional: Restaura el orden original de P1
      |                ^~~~
      |                |
      |                int
In file included from exercises.c:7,
                 from test.c:5:
stack.h:11:31: note: expected ‘void *’ but argument is of type ‘int’
   11 | void push(Stack *stack, void *data) { pushFront(stack, data); }
      |                         ~~~~~~^~~~
cc1: all warnings being treated as errors
Compilation failed
63942ad
Sun 24 Mar 2024 12:00:43 AM UTC: 
 exercises.c | 2 +-
 1 file changed, 1 insertion(+), 1 deletion(-)
In file included from test.c:5:
exercises.c: In function ‘copia_pila’:
exercises.c:112:12: error: passing argument 1 of ‘push’ from incompatible pointer type [-Werror=incompatible-pointer-types]
  112 |       push(&P3, pop(P1));
      |            ^~~
      |            |
      |            Stack ** {aka List **}
In file included from exercises.c:7,
                 from test.c:5:
stack.h:11:18: note: expected ‘Stack *’ {aka ‘List *’} but argument is of type ‘Stack **’ {aka ‘List **’}
   11 | void push(Stack *stack, void *data) { pushFront(stack, data); }
      |           ~~~~~~~^~~~~
In file included from test.c:5:
exercises.c:117:22: error: passing argument 1 of ‘pop’ from incompatible pointer type [-Werror=incompatible-pointer-types]
  117 |       int dato = pop(&P3);
      |                      ^~~
      |                      |
      |                      Stack ** {aka List **}
In file included from exercises.c:7,
                 from test.c:5:
stack.h:17:18: note: expected ‘Stack *’ {aka ‘List *’} but argument is of type ‘Stack **’ {aka ‘List **’}
   17 | void *pop(Stack *stack) { return popFront(stack); }
      |           ~~~~~~~^~~~~
In file included from test.c:5:
exercises.c:117:18: error: initialization of ‘int’ from ‘void *’ makes integer from pointer without a cast [-Werror=int-conversion]
  117 |       int dato = pop(&P3);
      |                  ^~~
exercises.c:118:16: error: passing argument 2 of ‘push’ makes pointer from integer without a cast [-Werror=int-conversion]
  118 |       push(P2, dato);
      |                ^~~~
      |                |
      |                int
In file included from exercises.c:7,
                 from test.c:5:
stack.h:11:31: note: expected ‘void *’ but argument is of type ‘int’
   11 | void push(Stack *stack, void *data) { pushFront(stack, data); }
      |                         ~~~~~~^~~~
In file included from test.c:5:
exercises.c:119:16: error: passing argument 2 of ‘push’ makes pointer from integer without a cast [-Werror=int-conversion]
  119 |       push(P1, dato);
      |                ^~~~
      |                |
      |                int
In file included from exercises.c:7,
                 from test.c:5:
stack.h:11:31: note: expected ‘void *’ but argument is of type ‘int’
   11 | void push(Stack *stack, void *data) { pushFront(stack, data); }
      |                         ~~~~~~^~~~
cc1: all warnings being treated as errors
Compilation failed
8ee48e7
Sun 24 Mar 2024 12:00:57 AM UTC: 
 exercises.c | 4 ++--
 1 file changed, 2 insertions(+), 2 deletions(-)
In file included from test.c:5:
exercises.c: In function ‘copia_pila’:
exercises.c:117:18: error: initialization of ‘int’ from ‘void *’ makes integer from pointer without a cast [-Werror=int-conversion]
  117 |       int dato = pop(P3);
      |                  ^~~
exercises.c:118:16: error: passing argument 2 of ‘push’ makes pointer from integer without a cast [-Werror=int-conversion]
  118 |       push(P2, dato);
      |                ^~~~
      |                |
      |                int
In file included from exercises.c:7,
                 from test.c:5:
stack.h:11:31: note: expected ‘void *’ but argument is of type ‘int’
   11 | void push(Stack *stack, void *data) { pushFront(stack, data); }
      |                         ~~~~~~^~~~
In file included from test.c:5:
exercises.c:119:16: error: passing argument 2 of ‘push’ makes pointer from integer without a cast [-Werror=int-conversion]
  119 |       push(P1, dato);
      |                ^~~~
      |                |
      |                int
In file included from exercises.c:7,
                 from test.c:5:
stack.h:11:31: note: expected ‘void *’ but argument is of type ‘int’
   11 | void push(Stack *stack, void *data) { pushFront(stack, data); }
      |                         ~~~~~~^~~~
cc1: all warnings being treated as errors
Compilation failed
5c4642a
Sun 24 Mar 2024 12:01:10 AM UTC: 
 exercises.c | 2 +-
 1 file changed, 1 insertion(+), 1 deletion(-)
 tests:  4|1
total_score: 50/70
5239312
Sun 24 Mar 2024 12:05:36 AM UTC: 
 exercises.c | 51 +++++++++++++++++++++++++++++++--------------------
 1 file changed, 31 insertions(+), 20 deletions(-)
In file included from test.c:6:
arraylist.c: In function ‘create_list’:
arraylist.c:15:34: error: invalid application of ‘sizeof’ to incomplete type ‘List’
   15 |   List* L = (List*)malloc(sizeof(List));
      |                                  ^~~~
arraylist.c:16:4: error: invalid use of incomplete typedef ‘List’
   16 |   L->current = 0;
      |    ^~
arraylist.c:17:4: error: invalid use of incomplete typedef ‘List’
   17 |   L->size = 0;
      |    ^~
arraylist.c: In function ‘first’:
arraylist.c:22:7: error: invalid use of incomplete typedef ‘List’
   22 |   if(L->size == 0) {
      |       ^~
arraylist.c:25:4: error: invalid use of incomplete typedef ‘List’
   25 |   L->current = 0;
      |    ^~
arraylist.c:26:11: error: invalid use of incomplete typedef ‘List’
   26 |   return L->data[L->current];
      |           ^~
arraylist.c:26:19: error: invalid use of incomplete typedef ‘List’
   26 |   return L->data[L->current];
      |                   ^~
arraylist.c: In function ‘next’:
arraylist.c:30:7: error: invalid use of incomplete typedef ‘List’
   30 |   if(L->current < L->size - 1) {
      |       ^~
arraylist.c:30:20: error: invalid use of incomplete typedef ‘List’
   30 |   if(L->current < L->size - 1) {
      |                    ^~
arraylist.c:31:6: error: invalid use of incomplete typedef ‘List’
   31 |     L->current++;
      |      ^~
arraylist.c:32:13: error: invalid use of incomplete typedef ‘List’
   32 |     return L->data[L->current];
      |             ^~
arraylist.c:32:21: error: invalid use of incomplete typedef ‘List’
   32 |     return L->data[L->current];
      |                     ^~
arraylist.c: In function ‘pushFront’:
arraylist.c:38:7: error: invalid use of incomplete typedef ‘List’
   38 |   if(L->size == 0) {
      |       ^~
arraylist.c:39:6: error: invalid use of incomplete typedef ‘List’
   39 |     L->data[0] = dato;
      |      ^~
arraylist.c:40:6: error: invalid use of incomplete typedef ‘List’
   40 |     L->size++;
      |      ^~
arraylist.c:43:16: error: invalid use of incomplete typedef ‘List’
   43 |   for(int i = L->size; i > 0; i--) {
      |                ^~
arraylist.c:44:6: error: invalid use of incomplete typedef ‘List’
   44 |     L->data[i] = L->data[i - 1];
      |      ^~
arraylist.c:44:19: error: invalid use of incomplete typedef ‘List’
   44 |     L->data[i] = L->data[i - 1];
      |                   ^~
arraylist.c:46:4: error: invalid use of incomplete typedef ‘List’
   46 |   L->data[0] = dato;
      |    ^~
arraylist.c:47:4: error: invalid use of incomplete typedef ‘List’
   47 |   L->size++;
      |    ^~
arraylist.c: In function ‘pushBack’:
arraylist.c:51:4: error: invalid use of incomplete typedef ‘List’
   51 |   L->data[L->size] = dato;
      |    ^~
arraylist.c:51:12: error: invalid use of incomplete typedef ‘List’
   51 |   L->data[L->size] = dato;
      |            ^~
arraylist.c:52:4: error: invalid use of incomplete typedef ‘List’
   52 |   L->size++;
      |    ^~
arraylist.c: In function ‘pushCurrent’:
arraylist.c:56:7: error: invalid use of incomplete typedef ‘List’
   56 |   if(L->size == 0) {
      |       ^~
arraylist.c:57:6: error: invalid use of incomplete typedef ‘List’
   57 |     L->data[0] = dato;
      |      ^~
arraylist.c:58:6: error: invalid use of incomplete typedef ‘List’
   58 |     L->size++;
      |      ^~
arraylist.c:61:16: error: invalid use of incomplete typedef ‘List’
   61 |   for(int i = L->size; i > L->current; i--) {
      |                ^~
arraylist.c:61:29: error: invalid use of incomplete typedef ‘List’
   61 |   for(int i = L->size; i > L->current; i--) {
      |                             ^~
arraylist.c:62:6: error: invalid use of incomplete typedef ‘List’
   62 |     L->data[i] = L->data[i - 1];
      |      ^~
arraylist.c:62:19: error: invalid use of incomplete typedef ‘List’
   62 |     L->data[i] = L->data[i - 1];
      |                   ^~
arraylist.c:64:4: error: invalid use of incomplete typedef ‘List’
   64 |   L->data[L->current + 1] = dato;
      |    ^~
arraylist.c:64:12: error: invalid use of incomplete typedef ‘List’
   64 |   L->data[L->current + 1] = dato;
      |            ^~
arraylist.c:65:4: error: invalid use of incomplete typedef ‘List’
   65 |   L->size++;
      |    ^~
arraylist.c: In function ‘popFront’:
arraylist.c:69:7: error: invalid use of incomplete typedef ‘List’
   69 |   if(L->size == 0) {
      |       ^~
arraylist.c:72:17: error: invalid use of incomplete typedef ‘List’
   72 |   void* dato = L->data[0];
      |                 ^~
arraylist.c:73:23: error: invalid use of incomplete typedef ‘List’
   73 |   for(int i = 0; i < L->size - 1; i++) {
      |                       ^~
arraylist.c:74:6: error: invalid use of incomplete typedef ‘List’
   74 |     L->data[i] = L->data[i + 1];
      |      ^~
arraylist.c:74:19: error: invalid use of incomplete typedef ‘List’
   74 |     L->data[i] = L->data[i + 1];
      |                   ^~
arraylist.c:76:4: error: invalid use of incomplete typedef ‘List’
   76 |   L->size--;
      |    ^~
arraylist.c: In function ‘popBack’:
arraylist.c:81:7: error: invalid use of incomplete typedef ‘List’
   81 |   if(L->size == 0) {
      |       ^~
arraylist.c:84:17: error: invalid use of incomplete typedef ‘List’
   84 |   void* dato = L->data[L->size - 1];
      |                 ^~
arraylist.c:84:25: error: invalid use of incomplete typedef ‘List’
   84 |   void* dato = L->data[L->size - 1];
      |                         ^~
arraylist.c:85:4: error: invalid use of incomplete typedef ‘List’
   85 |   L->size--;
      |    ^~
arraylist.c: In function ‘popCurrent’:
arraylist.c:90:7: error: invalid use of incomplete typedef ‘List’
   90 |   if(L->size == 0) {
      |       ^~
arraylist.c:93:17: error: invalid use of incomplete typedef ‘List’
   93 |   void* dato = L->data[L->current];
      |                 ^~
arraylist.c:93:25: error: invalid use of incomplete typedef ‘List’
   93 |   void* dato = L->data[L->current];
      |                         ^~
arraylist.c:94:16: error: invalid use of incomplete typedef ‘List’
   94 |   for(int i = L->current; i < L->size - 1; i++) {
      |                ^~
arraylist.c:94:32: error: invalid use of incomplete typedef ‘List’
   94 |   for(int i = L->current; i < L->size - 1; i++) {
      |                                ^~
arraylist.c:95:6: error: invalid use of incomplete typedef ‘List’
   95 |     L->data[i] = L->data[i + 1];
      |      ^~
arraylist.c:95:19: error: invalid use of incomplete typedef ‘List’
   95 |     L->data[i] = L->data[i + 1];
      |                   ^~
arraylist.c:97:4: error: invalid use of incomplete typedef ‘List’
   97 |   L->size--;
      |    ^~
arraylist.c:98:4: error: invalid use of incomplete typedef ‘List’
   98 |   L->current--;
      |    ^~
arraylist.c: In function ‘get_size’:
arraylist.c:103:11: error: invalid use of incomplete typedef ‘List’
  103 |   return L->size;
      |           ^~
test.c: In function ‘parentesisBalanceados’:
test.c:253:5: error: ‘main’ is normally a non-static function [-Werror=main]
  253 | int main( int argc, char *argv[] ) {
      |     ^~~~
test.c:271:1: error: expected declaration or statement at end of input
  271 | }
      | ^
test.c:272: error: control reaches end of non-void function [-Werror=return-type]
In file included from test.c:6:
arraylist.c: In function ‘first’:
arraylist.c:27:1: error: control reaches end of non-void function [-Werror=return-type]
   27 | }
      | ^
At top level:
test.c:253:5: error: ‘main’ defined but not used [-Werror=unused-function]
  253 | int main( int argc, char *argv[] ) {
      |     ^~~~
test.c:37:6: error: ‘info_msg’ defined but not used [-Werror=unused-function]
   37 | void info_msg(char* msg){
      |      ^~~~~~~~
In file included from test.c:6:
arraylist.c:102:5: error: ‘get_size’ defined but not used [-Werror=unused-function]
  102 | int get_size(List *L) {
      |     ^~~~~~~~
arraylist.c:89:7: error: ‘popCurrent’ defined but not used [-Werror=unused-function]
   89 | void* popCurrent(List *L) {
      |       ^~~~~~~~~~
arraylist.c:80:7: error: ‘popBack’ defined but not used [-Werror=unused-function]
   80 | void* popBack(List *L) {
      |       ^~~~~~~
arraylist.c:68:7: error: ‘popFront’ defined but not used [-Werror=unused-function]
   68 | void* popFront(List *L) {
      |       ^~~~~~~~
arraylist.c:55:6: error: ‘pushCurrent’ defined but not used [-Werror=unused-function]
   55 | void pushCurrent(List *L, void *dato) {
      |      ^~~~~~~~~~~
arraylist.c:37:6: error: ‘pushFront’ defined but not used [-Werror=unused-function]
   37 | void pushFront(List *L, void *dato) {
      |      ^~~~~~~~~
cc1: all warnings being treated as errors
Compilation failed
d24469a
Sun 24 Mar 2024 12:06:18 AM UTC: 
 exercises.c | 2 +-
 1 file changed, 1 insertion(+), 1 deletion(-)
In file included from test.c:6:
arraylist.c: In function ‘create_list’:
arraylist.c:15:34: error: invalid application of ‘sizeof’ to incomplete type ‘List’
   15 |   List* L = (List*)malloc(sizeof(List));
      |                                  ^~~~
arraylist.c:16:4: error: invalid use of incomplete typedef ‘List’
   16 |   L->current = 0;
      |    ^~
arraylist.c:17:4: error: invalid use of incomplete typedef ‘List’
   17 |   L->size = 0;
      |    ^~
arraylist.c: In function ‘first’:
arraylist.c:22:7: error: invalid use of incomplete typedef ‘List’
   22 |   if(L->size == 0) {
      |       ^~
arraylist.c:25:4: error: invalid use of incomplete typedef ‘List’
   25 |   L->current = 0;
      |    ^~
arraylist.c:26:11: error: invalid use of incomplete typedef ‘List’
   26 |   return L->data[L->current];
      |           ^~
arraylist.c:26:19: error: invalid use of incomplete typedef ‘List’
   26 |   return L->data[L->current];
      |                   ^~
arraylist.c: In function ‘next’:
arraylist.c:30:7: error: invalid use of incomplete typedef ‘List’
   30 |   if(L->current < L->size - 1) {
      |       ^~
arraylist.c:30:20: error: invalid use of incomplete typedef ‘List’
   30 |   if(L->current < L->size - 1) {
      |                    ^~
arraylist.c:31:6: error: invalid use of incomplete typedef ‘List’
   31 |     L->current++;
      |      ^~
arraylist.c:32:13: error: invalid use of incomplete typedef ‘List’
   32 |     return L->data[L->current];
      |             ^~
arraylist.c:32:21: error: invalid use of incomplete typedef ‘List’
   32 |     return L->data[L->current];
      |                     ^~
arraylist.c: In function ‘pushFront’:
arraylist.c:38:7: error: invalid use of incomplete typedef ‘List’
   38 |   if(L->size == 0) {
      |       ^~
arraylist.c:39:6: error: invalid use of incomplete typedef ‘List’
   39 |     L->data[0] = dato;
      |      ^~
arraylist.c:40:6: error: invalid use of incomplete typedef ‘List’
   40 |     L->size++;
      |      ^~
arraylist.c:43:16: error: invalid use of incomplete typedef ‘List’
   43 |   for(int i = L->size; i > 0; i--) {
      |                ^~
arraylist.c:44:6: error: invalid use of incomplete typedef ‘List’
   44 |     L->data[i] = L->data[i - 1];
      |      ^~
arraylist.c:44:19: error: invalid use of incomplete typedef ‘List’
   44 |     L->data[i] = L->data[i - 1];
      |                   ^~
arraylist.c:46:4: error: invalid use of incomplete typedef ‘List’
   46 |   L->data[0] = dato;
      |    ^~
arraylist.c:47:4: error: invalid use of incomplete typedef ‘List’
   47 |   L->size++;
      |    ^~
arraylist.c: In function ‘pushBack’:
arraylist.c:51:4: error: invalid use of incomplete typedef ‘List’
   51 |   L->data[L->size] = dato;
      |    ^~
arraylist.c:51:12: error: invalid use of incomplete typedef ‘List’
   51 |   L->data[L->size] = dato;
      |            ^~
arraylist.c:52:4: error: invalid use of incomplete typedef ‘List’
   52 |   L->size++;
      |    ^~
arraylist.c: In function ‘pushCurrent’:
arraylist.c:56:7: error: invalid use of incomplete typedef ‘List’
   56 |   if(L->size == 0) {
      |       ^~
arraylist.c:57:6: error: invalid use of incomplete typedef ‘List’
   57 |     L->data[0] = dato;
      |      ^~
arraylist.c:58:6: error: invalid use of incomplete typedef ‘List’
   58 |     L->size++;
      |      ^~
arraylist.c:61:16: error: invalid use of incomplete typedef ‘List’
   61 |   for(int i = L->size; i > L->current; i--) {
      |                ^~
arraylist.c:61:29: error: invalid use of incomplete typedef ‘List’
   61 |   for(int i = L->size; i > L->current; i--) {
      |                             ^~
arraylist.c:62:6: error: invalid use of incomplete typedef ‘List’
   62 |     L->data[i] = L->data[i - 1];
      |      ^~
arraylist.c:62:19: error: invalid use of incomplete typedef ‘List’
   62 |     L->data[i] = L->data[i - 1];
      |                   ^~
arraylist.c:64:4: error: invalid use of incomplete typedef ‘List’
   64 |   L->data[L->current + 1] = dato;
      |    ^~
arraylist.c:64:12: error: invalid use of incomplete typedef ‘List’
   64 |   L->data[L->current + 1] = dato;
      |            ^~
arraylist.c:65:4: error: invalid use of incomplete typedef ‘List’
   65 |   L->size++;
      |    ^~
arraylist.c: In function ‘popFront’:
arraylist.c:69:7: error: invalid use of incomplete typedef ‘List’
   69 |   if(L->size == 0) {
      |       ^~
arraylist.c:72:17: error: invalid use of incomplete typedef ‘List’
   72 |   void* dato = L->data[0];
      |                 ^~
arraylist.c:73:23: error: invalid use of incomplete typedef ‘List’
   73 |   for(int i = 0; i < L->size - 1; i++) {
      |                       ^~
arraylist.c:74:6: error: invalid use of incomplete typedef ‘List’
   74 |     L->data[i] = L->data[i + 1];
      |      ^~
arraylist.c:74:19: error: invalid use of incomplete typedef ‘List’
   74 |     L->data[i] = L->data[i + 1];
      |                   ^~
arraylist.c:76:4: error: invalid use of incomplete typedef ‘List’
   76 |   L->size--;
      |    ^~
arraylist.c: In function ‘popBack’:
arraylist.c:81:7: error: invalid use of incomplete typedef ‘List’
   81 |   if(L->size == 0) {
      |       ^~
arraylist.c:84:17: error: invalid use of incomplete typedef ‘List’
   84 |   void* dato = L->data[L->size - 1];
      |                 ^~
arraylist.c:84:25: error: invalid use of incomplete typedef ‘List’
   84 |   void* dato = L->data[L->size - 1];
      |                         ^~
arraylist.c:85:4: error: invalid use of incomplete typedef ‘List’
   85 |   L->size--;
      |    ^~
arraylist.c: In function ‘popCurrent’:
arraylist.c:90:7: error: invalid use of incomplete typedef ‘List’
   90 |   if(L->size == 0) {
      |       ^~
arraylist.c:93:17: error: invalid use of incomplete typedef ‘List’
   93 |   void* dato = L->data[L->current];
      |                 ^~
arraylist.c:93:25: error: invalid use of incomplete typedef ‘List’
   93 |   void* dato = L->data[L->current];
      |                         ^~
arraylist.c:94:16: error: invalid use of incomplete typedef ‘List’
   94 |   for(int i = L->current; i < L->size - 1; i++) {
      |                ^~
arraylist.c:94:32: error: invalid use of incomplete typedef ‘List’
   94 |   for(int i = L->current; i < L->size - 1; i++) {
      |                                ^~
arraylist.c:95:6: error: invalid use of incomplete typedef ‘List’
   95 |     L->data[i] = L->data[i + 1];
      |      ^~
arraylist.c:95:19: error: invalid use of incomplete typedef ‘List’
   95 |     L->data[i] = L->data[i + 1];
      |                   ^~
arraylist.c:97:4: error: invalid use of incomplete typedef ‘List’
   97 |   L->size--;
      |    ^~
arraylist.c:98:4: error: invalid use of incomplete typedef ‘List’
   98 |   L->current--;
      |    ^~
arraylist.c: In function ‘get_size’:
arraylist.c:103:11: error: invalid use of incomplete typedef ‘List’
  103 |   return L->size;
      |           ^~
test.c: In function ‘parentesisBalanceados’:
test.c:253:5: error: ‘main’ is normally a non-static function [-Werror=main]
  253 | int main( int argc, char *argv[] ) {
      |     ^~~~
test.c:271:1: error: expected declaration or statement at end of input
  271 | }
      | ^
test.c:272: error: control reaches end of non-void function [-Werror=return-type]
In file included from test.c:6:
arraylist.c: In function ‘first’:
arraylist.c:27:1: error: control reaches end of non-void function [-Werror=return-type]
   27 | }
      | ^
At top level:
test.c:253:5: error: ‘main’ defined but not used [-Werror=unused-function]
  253 | int main( int argc, char *argv[] ) {
      |     ^~~~
test.c:37:6: error: ‘info_msg’ defined but not used [-Werror=unused-function]
   37 | void info_msg(char* msg){
      |      ^~~~~~~~
In file included from test.c:6:
arraylist.c:102:5: error: ‘get_size’ defined but not used [-Werror=unused-function]
  102 | int get_size(List *L) {
      |     ^~~~~~~~
arraylist.c:89:7: error: ‘popCurrent’ defined but not used [-Werror=unused-function]
   89 | void* popCurrent(List *L) {
      |       ^~~~~~~~~~
arraylist.c:80:7: error: ‘popBack’ defined but not used [-Werror=unused-function]
   80 | void* popBack(List *L) {
      |       ^~~~~~~
arraylist.c:68:7: error: ‘popFront’ defined but not used [-Werror=unused-function]
   68 | void* popFront(List *L) {
      |       ^~~~~~~~
arraylist.c:55:6: error: ‘pushCurrent’ defined but not used [-Werror=unused-function]
   55 | void pushCurrent(List *L, void *dato) {
      |      ^~~~~~~~~~~
arraylist.c:37:6: error: ‘pushFront’ defined but not used [-Werror=unused-function]
   37 | void pushFront(List *L, void *dato) {
      |      ^~~~~~~~~
cc1: all warnings being treated as errors
Compilation failed
c9a6f0c
Sun 24 Mar 2024 12:07:55 AM UTC: 
 exercises.c | 2 +-
 1 file changed, 1 insertion(+), 1 deletion(-)
In file included from test.c:6:
arraylist.c: In function ‘create_list’:
arraylist.c:15:34: error: invalid application of ‘sizeof’ to incomplete type ‘List’
   15 |   List* L = (List*)malloc(sizeof(List));
      |                                  ^~~~
arraylist.c:16:4: error: invalid use of incomplete typedef ‘List’
   16 |   L->current = 0;
      |    ^~
arraylist.c:17:4: error: invalid use of incomplete typedef ‘List’
   17 |   L->size = 0;
      |    ^~
arraylist.c: In function ‘first’:
arraylist.c:22:7: error: invalid use of incomplete typedef ‘List’
   22 |   if(L->size == 0) {
      |       ^~
arraylist.c:25:4: error: invalid use of incomplete typedef ‘List’
   25 |   L->current = 0;
      |    ^~
arraylist.c:26:11: error: invalid use of incomplete typedef ‘List’
   26 |   return L->data[L->current];
      |           ^~
arraylist.c:26:19: error: invalid use of incomplete typedef ‘List’
   26 |   return L->data[L->current];
      |                   ^~
arraylist.c: In function ‘next’:
arraylist.c:30:7: error: invalid use of incomplete typedef ‘List’
   30 |   if(L->current < L->size - 1) {
      |       ^~
arraylist.c:30:20: error: invalid use of incomplete typedef ‘List’
   30 |   if(L->current < L->size - 1) {
      |                    ^~
arraylist.c:31:6: error: invalid use of incomplete typedef ‘List’
   31 |     L->current++;
      |      ^~
arraylist.c:32:13: error: invalid use of incomplete typedef ‘List’
   32 |     return L->data[L->current];
      |             ^~
arraylist.c:32:21: error: invalid use of incomplete typedef ‘List’
   32 |     return L->data[L->current];
      |                     ^~
arraylist.c: In function ‘pushFront’:
arraylist.c:38:7: error: invalid use of incomplete typedef ‘List’
   38 |   if(L->size == 0) {
      |       ^~
arraylist.c:39:6: error: invalid use of incomplete typedef ‘List’
   39 |     L->data[0] = dato;
      |      ^~
arraylist.c:40:6: error: invalid use of incomplete typedef ‘List’
   40 |     L->size++;
      |      ^~
arraylist.c:43:16: error: invalid use of incomplete typedef ‘List’
   43 |   for(int i = L->size; i > 0; i--) {
      |                ^~
arraylist.c:44:6: error: invalid use of incomplete typedef ‘List’
   44 |     L->data[i] = L->data[i - 1];
      |      ^~
arraylist.c:44:19: error: invalid use of incomplete typedef ‘List’
   44 |     L->data[i] = L->data[i - 1];
      |                   ^~
arraylist.c:46:4: error: invalid use of incomplete typedef ‘List’
   46 |   L->data[0] = dato;
      |    ^~
arraylist.c:47:4: error: invalid use of incomplete typedef ‘List’
   47 |   L->size++;
      |    ^~
arraylist.c: In function ‘pushBack’:
arraylist.c:51:4: error: invalid use of incomplete typedef ‘List’
   51 |   L->data[L->size] = dato;
      |    ^~
arraylist.c:51:12: error: invalid use of incomplete typedef ‘List’
   51 |   L->data[L->size] = dato;
      |            ^~
arraylist.c:52:4: error: invalid use of incomplete typedef ‘List’
   52 |   L->size++;
      |    ^~
arraylist.c: In function ‘pushCurrent’:
arraylist.c:56:7: error: invalid use of incomplete typedef ‘List’
   56 |   if(L->size == 0) {
      |       ^~
arraylist.c:57:6: error: invalid use of incomplete typedef ‘List’
   57 |     L->data[0] = dato;
      |      ^~
arraylist.c:58:6: error: invalid use of incomplete typedef ‘List’
   58 |     L->size++;
      |      ^~
arraylist.c:61:16: error: invalid use of incomplete typedef ‘List’
   61 |   for(int i = L->size; i > L->current; i--) {
      |                ^~
arraylist.c:61:29: error: invalid use of incomplete typedef ‘List’
   61 |   for(int i = L->size; i > L->current; i--) {
      |                             ^~
arraylist.c:62:6: error: invalid use of incomplete typedef ‘List’
   62 |     L->data[i] = L->data[i - 1];
      |      ^~
arraylist.c:62:19: error: invalid use of incomplete typedef ‘List’
   62 |     L->data[i] = L->data[i - 1];
      |                   ^~
arraylist.c:64:4: error: invalid use of incomplete typedef ‘List’
   64 |   L->data[L->current + 1] = dato;
      |    ^~
arraylist.c:64:12: error: invalid use of incomplete typedef ‘List’
   64 |   L->data[L->current + 1] = dato;
      |            ^~
arraylist.c:65:4: error: invalid use of incomplete typedef ‘List’
   65 |   L->size++;
      |    ^~
arraylist.c: In function ‘popFront’:
arraylist.c:69:7: error: invalid use of incomplete typedef ‘List’
   69 |   if(L->size == 0) {
      |       ^~
arraylist.c:72:17: error: invalid use of incomplete typedef ‘List’
   72 |   void* dato = L->data[0];
      |                 ^~
arraylist.c:73:23: error: invalid use of incomplete typedef ‘List’
   73 |   for(int i = 0; i < L->size - 1; i++) {
      |                       ^~
arraylist.c:74:6: error: invalid use of incomplete typedef ‘List’
   74 |     L->data[i] = L->data[i + 1];
      |      ^~
arraylist.c:74:19: error: invalid use of incomplete typedef ‘List’
   74 |     L->data[i] = L->data[i + 1];
      |                   ^~
arraylist.c:76:4: error: invalid use of incomplete typedef ‘List’
   76 |   L->size--;
      |    ^~
arraylist.c: In function ‘popBack’:
arraylist.c:81:7: error: invalid use of incomplete typedef ‘List’
   81 |   if(L->size == 0) {
      |       ^~
arraylist.c:84:17: error: invalid use of incomplete typedef ‘List’
   84 |   void* dato = L->data[L->size - 1];
      |                 ^~
arraylist.c:84:25: error: invalid use of incomplete typedef ‘List’
   84 |   void* dato = L->data[L->size - 1];
      |                         ^~
arraylist.c:85:4: error: invalid use of incomplete typedef ‘List’
   85 |   L->size--;
      |    ^~
arraylist.c: In function ‘popCurrent’:
arraylist.c:90:7: error: invalid use of incomplete typedef ‘List’
   90 |   if(L->size == 0) {
      |       ^~
arraylist.c:93:17: error: invalid use of incomplete typedef ‘List’
   93 |   void* dato = L->data[L->current];
      |                 ^~
arraylist.c:93:25: error: invalid use of incomplete typedef ‘List’
   93 |   void* dato = L->data[L->current];
      |                         ^~
arraylist.c:94:16: error: invalid use of incomplete typedef ‘List’
   94 |   for(int i = L->current; i < L->size - 1; i++) {
      |                ^~
arraylist.c:94:32: error: invalid use of incomplete typedef ‘List’
   94 |   for(int i = L->current; i < L->size - 1; i++) {
      |                                ^~
arraylist.c:95:6: error: invalid use of incomplete typedef ‘List’
   95 |     L->data[i] = L->data[i + 1];
      |      ^~
arraylist.c:95:19: error: invalid use of incomplete typedef ‘List’
   95 |     L->data[i] = L->data[i + 1];
      |                   ^~
arraylist.c:97:4: error: invalid use of incomplete typedef ‘List’
   97 |   L->size--;
      |    ^~
arraylist.c:98:4: error: invalid use of incomplete typedef ‘List’
   98 |   L->current--;
      |    ^~
arraylist.c: In function ‘get_size’:
arraylist.c:103:11: error: invalid use of incomplete typedef ‘List’
  103 |   return L->size;
      |           ^~
test.c: In function ‘parentesisBalanceados’:
test.c:253:5: error: ‘main’ is normally a non-static function [-Werror=main]
  253 | int main( int argc, char *argv[] ) {
      |     ^~~~
test.c:271:1: error: expected declaration or statement at end of input
  271 | }
      | ^
test.c:272: error: control reaches end of non-void function [-Werror=return-type]
In file included from test.c:6:
arraylist.c: In function ‘first’:
arraylist.c:27:1: error: control reaches end of non-void function [-Werror=return-type]
   27 | }
      | ^
At top level:
test.c:253:5: error: ‘main’ defined but not used [-Werror=unused-function]
  253 | int main( int argc, char *argv[] ) {
      |     ^~~~
test.c:37:6: error: ‘info_msg’ defined but not used [-Werror=unused-function]
   37 | void info_msg(char* msg){
      |      ^~~~~~~~
In file included from test.c:6:
arraylist.c:102:5: error: ‘get_size’ defined but not used [-Werror=unused-function]
  102 | int get_size(List *L) {
      |     ^~~~~~~~
arraylist.c:89:7: error: ‘popCurrent’ defined but not used [-Werror=unused-function]
   89 | void* popCurrent(List *L) {
      |       ^~~~~~~~~~
arraylist.c:80:7: error: ‘popBack’ defined but not used [-Werror=unused-function]
   80 | void* popBack(List *L) {
      |       ^~~~~~~
arraylist.c:68:7: error: ‘popFront’ defined but not used [-Werror=unused-function]
   68 | void* popFront(List *L) {
      |       ^~~~~~~~
arraylist.c:55:6: error: ‘pushCurrent’ defined but not used [-Werror=unused-function]
   55 | void pushCurrent(List *L, void *dato) {
      |      ^~~~~~~~~~~
arraylist.c:37:6: error: ‘pushFront’ defined but not used [-Werror=unused-function]
   37 | void pushFront(List *L, void *dato) {
      |      ^~~~~~~~~
cc1: all warnings being treated as errors
Compilation failed
beaa0bb
Sun 24 Mar 2024 12:24:49 AM UTC: 
 exercises.c | 3 ++-
 1 file changed, 2 insertions(+), 1 deletion(-)
In file included from test.c:6:
arraylist.c: In function ‘create_list’:
arraylist.c:15:34: error: invalid application of ‘sizeof’ to incomplete type ‘List’
   15 |   List* L = (List*)malloc(sizeof(List));
      |                                  ^~~~
arraylist.c:16:4: error: invalid use of incomplete typedef ‘List’
   16 |   L->current = 0;
      |    ^~
arraylist.c:17:4: error: invalid use of incomplete typedef ‘List’
   17 |   L->size = 0;
      |    ^~
arraylist.c: In function ‘first’:
arraylist.c:22:7: error: invalid use of incomplete typedef ‘List’
   22 |   if(L->size == 0) {
      |       ^~
arraylist.c:25:4: error: invalid use of incomplete typedef ‘List’
   25 |   L->current = 0;
      |    ^~
arraylist.c:26:11: error: invalid use of incomplete typedef ‘List’
   26 |   return L->data[L->current];
      |           ^~
arraylist.c:26:19: error: invalid use of incomplete typedef ‘List’
   26 |   return L->data[L->current];
      |                   ^~
arraylist.c: In function ‘next’:
arraylist.c:30:7: error: invalid use of incomplete typedef ‘List’
   30 |   if(L->current < L->size - 1) {
      |       ^~
arraylist.c:30:20: error: invalid use of incomplete typedef ‘List’
   30 |   if(L->current < L->size - 1) {
      |                    ^~
arraylist.c:31:6: error: invalid use of incomplete typedef ‘List’
   31 |     L->current++;
      |      ^~
arraylist.c:32:13: error: invalid use of incomplete typedef ‘List’
   32 |     return L->data[L->current];
      |             ^~
arraylist.c:32:21: error: invalid use of incomplete typedef ‘List’
   32 |     return L->data[L->current];
      |                     ^~
arraylist.c: In function ‘pushFront’:
arraylist.c:38:7: error: invalid use of incomplete typedef ‘List’
   38 |   if(L->size == 0) {
      |       ^~
arraylist.c:39:6: error: invalid use of incomplete typedef ‘List’
   39 |     L->data[0] = dato;
      |      ^~
arraylist.c:40:6: error: invalid use of incomplete typedef ‘List’
   40 |     L->size++;
      |      ^~
arraylist.c:43:16: error: invalid use of incomplete typedef ‘List’
   43 |   for(int i = L->size; i > 0; i--) {
      |                ^~
arraylist.c:44:6: error: invalid use of incomplete typedef ‘List’
   44 |     L->data[i] = L->data[i - 1];
      |      ^~
arraylist.c:44:19: error: invalid use of incomplete typedef ‘List’
   44 |     L->data[i] = L->data[i - 1];
      |                   ^~
arraylist.c:46:4: error: invalid use of incomplete typedef ‘List’
   46 |   L->data[0] = dato;
      |    ^~
arraylist.c:47:4: error: invalid use of incomplete typedef ‘List’
   47 |   L->size++;
      |    ^~
arraylist.c: In function ‘pushBack’:
arraylist.c:51:4: error: invalid use of incomplete typedef ‘List’
   51 |   L->data[L->size] = dato;
      |    ^~
arraylist.c:51:12: error: invalid use of incomplete typedef ‘List’
   51 |   L->data[L->size] = dato;
      |            ^~
arraylist.c:52:4: error: invalid use of incomplete typedef ‘List’
   52 |   L->size++;
      |    ^~
arraylist.c: In function ‘pushCurrent’:
arraylist.c:56:7: error: invalid use of incomplete typedef ‘List’
   56 |   if(L->size == 0) {
      |       ^~
arraylist.c:57:6: error: invalid use of incomplete typedef ‘List’
   57 |     L->data[0] = dato;
      |      ^~
arraylist.c:58:6: error: invalid use of incomplete typedef ‘List’
   58 |     L->size++;
      |      ^~
arraylist.c:61:16: error: invalid use of incomplete typedef ‘List’
   61 |   for(int i = L->size; i > L->current; i--) {
      |                ^~
arraylist.c:61:29: error: invalid use of incomplete typedef ‘List’
   61 |   for(int i = L->size; i > L->current; i--) {
      |                             ^~
arraylist.c:62:6: error: invalid use of incomplete typedef ‘List’
   62 |     L->data[i] = L->data[i - 1];
      |      ^~
arraylist.c:62:19: error: invalid use of incomplete typedef ‘List’
   62 |     L->data[i] = L->data[i - 1];
      |                   ^~
arraylist.c:64:4: error: invalid use of incomplete typedef ‘List’
   64 |   L->data[L->current + 1] = dato;
      |    ^~
arraylist.c:64:12: error: invalid use of incomplete typedef ‘List’
   64 |   L->data[L->current + 1] = dato;
      |            ^~
arraylist.c:65:4: error: invalid use of incomplete typedef ‘List’
   65 |   L->size++;
      |    ^~
arraylist.c: In function ‘popFront’:
arraylist.c:69:7: error: invalid use of incomplete typedef ‘List’
   69 |   if(L->size == 0) {
      |       ^~
arraylist.c:72:17: error: invalid use of incomplete typedef ‘List’
   72 |   void* dato = L->data[0];
      |                 ^~
arraylist.c:73:23: error: invalid use of incomplete typedef ‘List’
   73 |   for(int i = 0; i < L->size - 1; i++) {
      |                       ^~
arraylist.c:74:6: error: invalid use of incomplete typedef ‘List’
   74 |     L->data[i] = L->data[i + 1];
      |      ^~
arraylist.c:74:19: error: invalid use of incomplete typedef ‘List’
   74 |     L->data[i] = L->data[i + 1];
      |                   ^~
arraylist.c:76:4: error: invalid use of incomplete typedef ‘List’
   76 |   L->size--;
      |    ^~
arraylist.c: In function ‘popBack’:
arraylist.c:81:7: error: invalid use of incomplete typedef ‘List’
   81 |   if(L->size == 0) {
      |       ^~
arraylist.c:84:17: error: invalid use of incomplete typedef ‘List’
   84 |   void* dato = L->data[L->size - 1];
      |                 ^~
arraylist.c:84:25: error: invalid use of incomplete typedef ‘List’
   84 |   void* dato = L->data[L->size - 1];
      |                         ^~
arraylist.c:85:4: error: invalid use of incomplete typedef ‘List’
   85 |   L->size--;
      |    ^~
arraylist.c: In function ‘popCurrent’:
arraylist.c:90:7: error: invalid use of incomplete typedef ‘List’
   90 |   if(L->size == 0) {
      |       ^~
arraylist.c:93:17: error: invalid use of incomplete typedef ‘List’
   93 |   void* dato = L->data[L->current];
      |                 ^~
arraylist.c:93:25: error: invalid use of incomplete typedef ‘List’
   93 |   void* dato = L->data[L->current];
      |                         ^~
arraylist.c:94:16: error: invalid use of incomplete typedef ‘List’
   94 |   for(int i = L->current; i < L->size - 1; i++) {
      |                ^~
arraylist.c:94:32: error: invalid use of incomplete typedef ‘List’
   94 |   for(int i = L->current; i < L->size - 1; i++) {
      |                                ^~
arraylist.c:95:6: error: invalid use of incomplete typedef ‘List’
   95 |     L->data[i] = L->data[i + 1];
      |      ^~
arraylist.c:95:19: error: invalid use of incomplete typedef ‘List’
   95 |     L->data[i] = L->data[i + 1];
      |                   ^~
arraylist.c:97:4: error: invalid use of incomplete typedef ‘List’
   97 |   L->size--;
      |    ^~
arraylist.c:98:4: error: invalid use of incomplete typedef ‘List’
   98 |   L->current--;
      |    ^~
arraylist.c: In function ‘get_size’:
arraylist.c:103:11: error: invalid use of incomplete typedef ‘List’
  103 |   return L->size;
      |           ^~
test.c: In function ‘parentesisBalanceados’:
test.c:253:5: error: ‘main’ is normally a non-static function [-Werror=main]
  253 | int main( int argc, char *argv[] ) {
      |     ^~~~
test.c:271:1: error: expected declaration or statement at end of input
  271 | }
      | ^
test.c:272: error: control reaches end of non-void function [-Werror=return-type]
In file included from test.c:6:
arraylist.c: In function ‘first’:
arraylist.c:27:1: error: control reaches end of non-void function [-Werror=return-type]
   27 | }
      | ^
At top level:
test.c:253:5: error: ‘main’ defined but not used [-Werror=unused-function]
  253 | int main( int argc, char *argv[] ) {
      |     ^~~~
test.c:37:6: error: ‘info_msg’ defined but not used [-Werror=unused-function]
   37 | void info_msg(char* msg){
      |      ^~~~~~~~
In file included from test.c:6:
arraylist.c:102:5: error: ‘get_size’ defined but not used [-Werror=unused-function]
  102 | int get_size(List *L) {
      |     ^~~~~~~~
arraylist.c:89:7: error: ‘popCurrent’ defined but not used [-Werror=unused-function]
   89 | void* popCurrent(List *L) {
      |       ^~~~~~~~~~
arraylist.c:80:7: error: ‘popBack’ defined but not used [-Werror=unused-function]
   80 | void* popBack(List *L) {
      |       ^~~~~~~
arraylist.c:68:7: error: ‘popFront’ defined but not used [-Werror=unused-function]
   68 | void* popFront(List *L) {
      |       ^~~~~~~~
arraylist.c:55:6: error: ‘pushCurrent’ defined but not used [-Werror=unused-function]
   55 | void pushCurrent(List *L, void *dato) {
      |      ^~~~~~~~~~~
arraylist.c:37:6: error: ‘pushFront’ defined but not used [-Werror=unused-function]
   37 | void pushFront(List *L, void *dato) {
      |      ^~~~~~~~~
cc1: all warnings being treated as errors
Compilation failed
db6ec84
Sun 24 Mar 2024 12:25:29 AM UTC: 
 exercises.c | 2 +-
 1 file changed, 1 insertion(+), 1 deletion(-)
 tests:  7|1
total_score: 60/70
c02631a
Sun 24 Mar 2024 12:34:43 AM UTC: 
 exercises.c | 2 +-
 1 file changed, 1 insertion(+), 1 deletion(-)
 tests:  7|1
total_score: 60/70
fe885da
Sun 24 Mar 2024 12:37:19 AM UTC: 
 exercises.c | 5 +++--
 1 file changed, 3 insertions(+), 2 deletions(-)
 tests:  7|1
total_score: 60/70
f63a2b8
Sun 24 Mar 2024 12:39:33 AM UTC: 
 exercises.c | 35 +++++++++--------------------------
 1 file changed, 9 insertions(+), 26 deletions(-)
In file included from test.c:6:
arraylist.c: In function ‘create_list’:
arraylist.c:15:34: error: invalid application of ‘sizeof’ to incomplete type ‘List’
   15 |   List* L = (List*)malloc(sizeof(List));
      |                                  ^~~~
arraylist.c:16:4: error: invalid use of incomplete typedef ‘List’
   16 |   L->current = 0;
      |    ^~
arraylist.c:17:4: error: invalid use of incomplete typedef ‘List’
   17 |   L->size = 0;
      |    ^~
arraylist.c: In function ‘first’:
arraylist.c:22:7: error: invalid use of incomplete typedef ‘List’
   22 |   if(L->size == 0) {
      |       ^~
arraylist.c:25:4: error: invalid use of incomplete typedef ‘List’
   25 |   L->current = 0;
      |    ^~
arraylist.c:26:11: error: invalid use of incomplete typedef ‘List’
   26 |   return L->data[L->current];
      |           ^~
arraylist.c:26:19: error: invalid use of incomplete typedef ‘List’
   26 |   return L->data[L->current];
      |                   ^~
arraylist.c: In function ‘next’:
arraylist.c:30:7: error: invalid use of incomplete typedef ‘List’
   30 |   if(L->current < L->size - 1) {
      |       ^~
arraylist.c:30:20: error: invalid use of incomplete typedef ‘List’
   30 |   if(L->current < L->size - 1) {
      |                    ^~
arraylist.c:31:6: error: invalid use of incomplete typedef ‘List’
   31 |     L->current++;
      |      ^~
arraylist.c:32:13: error: invalid use of incomplete typedef ‘List’
   32 |     return L->data[L->current];
      |             ^~
arraylist.c:32:21: error: invalid use of incomplete typedef ‘List’
   32 |     return L->data[L->current];
      |                     ^~
arraylist.c: In function ‘pushFront’:
arraylist.c:38:7: error: invalid use of incomplete typedef ‘List’
   38 |   if(L->size == 0) {
      |       ^~
arraylist.c:39:6: error: invalid use of incomplete typedef ‘List’
   39 |     L->data[0] = dato;
      |      ^~
arraylist.c:40:6: error: invalid use of incomplete typedef ‘List’
   40 |     L->size++;
      |      ^~
arraylist.c:43:16: error: invalid use of incomplete typedef ‘List’
   43 |   for(int i = L->size; i > 0; i--) {
      |                ^~
arraylist.c:44:6: error: invalid use of incomplete typedef ‘List’
   44 |     L->data[i] = L->data[i - 1];
      |      ^~
arraylist.c:44:19: error: invalid use of incomplete typedef ‘List’
   44 |     L->data[i] = L->data[i - 1];
      |                   ^~
arraylist.c:46:4: error: invalid use of incomplete typedef ‘List’
   46 |   L->data[0] = dato;
      |    ^~
arraylist.c:47:4: error: invalid use of incomplete typedef ‘List’
   47 |   L->size++;
      |    ^~
arraylist.c: In function ‘pushBack’:
arraylist.c:51:4: error: invalid use of incomplete typedef ‘List’
   51 |   L->data[L->size] = dato;
      |    ^~
arraylist.c:51:12: error: invalid use of incomplete typedef ‘List’
   51 |   L->data[L->size] = dato;
      |            ^~
arraylist.c:52:4: error: invalid use of incomplete typedef ‘List’
   52 |   L->size++;
      |    ^~
arraylist.c: In function ‘pushCurrent’:
arraylist.c:56:7: error: invalid use of incomplete typedef ‘List’
   56 |   if(L->size == 0) {
      |       ^~
arraylist.c:57:6: error: invalid use of incomplete typedef ‘List’
   57 |     L->data[0] = dato;
      |      ^~
arraylist.c:58:6: error: invalid use of incomplete typedef ‘List’
   58 |     L->size++;
      |      ^~
arraylist.c:61:16: error: invalid use of incomplete typedef ‘List’
   61 |   for(int i = L->size; i > L->current; i--) {
      |                ^~
arraylist.c:61:29: error: invalid use of incomplete typedef ‘List’
   61 |   for(int i = L->size; i > L->current; i--) {
      |                             ^~
arraylist.c:62:6: error: invalid use of incomplete typedef ‘List’
   62 |     L->data[i] = L->data[i - 1];
      |      ^~
arraylist.c:62:19: error: invalid use of incomplete typedef ‘List’
   62 |     L->data[i] = L->data[i - 1];
      |                   ^~
arraylist.c:64:4: error: invalid use of incomplete typedef ‘List’
   64 |   L->data[L->current + 1] = dato;
      |    ^~
arraylist.c:64:12: error: invalid use of incomplete typedef ‘List’
   64 |   L->data[L->current + 1] = dato;
      |            ^~
arraylist.c:65:4: error: invalid use of incomplete typedef ‘List’
   65 |   L->size++;
      |    ^~
arraylist.c: In function ‘popFront’:
arraylist.c:69:7: error: invalid use of incomplete typedef ‘List’
   69 |   if(L->size == 0) {
      |       ^~
arraylist.c:72:17: error: invalid use of incomplete typedef ‘List’
   72 |   void* dato = L->data[0];
      |                 ^~
arraylist.c:73:23: error: invalid use of incomplete typedef ‘List’
   73 |   for(int i = 0; i < L->size - 1; i++) {
      |                       ^~
arraylist.c:74:6: error: invalid use of incomplete typedef ‘List’
   74 |     L->data[i] = L->data[i + 1];
      |      ^~
arraylist.c:74:19: error: invalid use of incomplete typedef ‘List’
   74 |     L->data[i] = L->data[i + 1];
      |                   ^~
arraylist.c:76:4: error: invalid use of incomplete typedef ‘List’
   76 |   L->size--;
      |    ^~
arraylist.c: In function ‘popBack’:
arraylist.c:81:7: error: invalid use of incomplete typedef ‘List’
   81 |   if(L->size == 0) {
      |       ^~
arraylist.c:84:17: error: invalid use of incomplete typedef ‘List’
   84 |   void* dato = L->data[L->size - 1];
      |                 ^~
arraylist.c:84:25: error: invalid use of incomplete typedef ‘List’
   84 |   void* dato = L->data[L->size - 1];
      |                         ^~
arraylist.c:85:4: error: invalid use of incomplete typedef ‘List’
   85 |   L->size--;
      |    ^~
arraylist.c: In function ‘popCurrent’:
arraylist.c:90:7: error: invalid use of incomplete typedef ‘List’
   90 |   if(L->size == 0) {
      |       ^~
arraylist.c:93:17: error: invalid use of incomplete typedef ‘List’
   93 |   void* dato = L->data[L->current];
      |                 ^~
arraylist.c:93:25: error: invalid use of incomplete typedef ‘List’
   93 |   void* dato = L->data[L->current];
      |                         ^~
arraylist.c:94:16: error: invalid use of incomplete typedef ‘List’
   94 |   for(int i = L->current; i < L->size - 1; i++) {
      |                ^~
arraylist.c:94:32: error: invalid use of incomplete typedef ‘List’
   94 |   for(int i = L->current; i < L->size - 1; i++) {
      |                                ^~
arraylist.c:95:6: error: invalid use of incomplete typedef ‘List’
   95 |     L->data[i] = L->data[i + 1];
      |      ^~
arraylist.c:95:19: error: invalid use of incomplete typedef ‘List’
   95 |     L->data[i] = L->data[i + 1];
      |                   ^~
arraylist.c:97:4: error: invalid use of incomplete typedef ‘List’
   97 |   L->size--;
      |    ^~
arraylist.c:98:4: error: invalid use of incomplete typedef ‘List’
   98 |   L->current--;
      |    ^~
arraylist.c: In function ‘get_size’:
arraylist.c:103:11: error: invalid use of incomplete typedef ‘List’
  103 |   return L->size;
      |           ^~
test.c: In function ‘parentesisBalanceados’:
test.c:253:5: error: ‘main’ is normally a non-static function [-Werror=main]
  253 | int main( int argc, char *argv[] ) {
      |     ^~~~
test.c:271:1: error: expected declaration or statement at end of input
  271 | }
      | ^
test.c:272: error: control reaches end of non-void function [-Werror=return-type]
In file included from test.c:6:
arraylist.c: In function ‘first’:
arraylist.c:27:1: error: control reaches end of non-void function [-Werror=return-type]
   27 | }
      | ^
At top level:
test.c:253:5: error: ‘main’ defined but not used [-Werror=unused-function]
  253 | int main( int argc, char *argv[] ) {
      |     ^~~~
test.c:37:6: error: ‘info_msg’ defined but not used [-Werror=unused-function]
   37 | void info_msg(char* msg){
      |      ^~~~~~~~
In file included from test.c:6:
arraylist.c:102:5: error: ‘get_size’ defined but not used [-Werror=unused-function]
  102 | int get_size(List *L) {
      |     ^~~~~~~~
arraylist.c:89:7: error: ‘popCurrent’ defined but not used [-Werror=unused-function]
   89 | void* popCurrent(List *L) {
      |       ^~~~~~~~~~
arraylist.c:80:7: error: ‘popBack’ defined but not used [-Werror=unused-function]
   80 | void* popBack(List *L) {
      |       ^~~~~~~
arraylist.c:68:7: error: ‘popFront’ defined but not used [-Werror=unused-function]
   68 | void* popFront(List *L) {
      |       ^~~~~~~~
arraylist.c:55:6: error: ‘pushCurrent’ defined but not used [-Werror=unused-function]
   55 | void pushCurrent(List *L, void *dato) {
      |      ^~~~~~~~~~~
arraylist.c:37:6: error: ‘pushFront’ defined but not used [-Werror=unused-function]
   37 | void pushFront(List *L, void *dato) {
      |      ^~~~~~~~~
cc1: all warnings being treated as errors
Compilation failed
f06ec3a
Sun 24 Mar 2024 12:40:18 AM UTC: 
 exercises.c | 4 +++-
 1 file changed, 3 insertions(+), 1 deletion(-)
 tests:  7|1
total_score: 60/70
951243b
Sun 24 Mar 2024 12:58:04 AM UTC: 
 exercises.c | 39 +++++++++++++++++++++------------------
 1 file changed, 21 insertions(+), 18 deletions(-)
In file included from test.c:5:
exercises.c: In function ‘parentesisBalanceados’:
exercises.c:138:34: error: comparison between pointer and integer [-Werror]
  138 |     if (*cadena == '(' || cadena == '[' || cadena == '{') {
      |                                  ^~
exercises.c:138:51: error: comparison between pointer and integer [-Werror]
  138 |     if (*cadena == '(' || cadena == '[' || cadena == '{') {
      |                                                   ^~
exercises.c:140:23: error: comparison between pointer and integer [-Werror]
  140 |     } else if (cadena == ')' || cadena == ']' || cadena == '}') {
      |                       ^~
exercises.c:140:40: error: comparison between pointer and integer [-Werror]
  140 |     } else if (cadena == ')' || cadena == ']' || cadena == '}') {
      |                                        ^~
exercises.c:140:57: error: comparison between pointer and integer [-Werror]
  140 |     } else if (cadena == ')' || cadena == ']' || cadena == '}') {
      |                                                         ^~
exercises.c:147:20: error: initialization of ‘char’ from ‘void *’ makes integer from pointer without a cast [-Werror=int-conversion]
  147 |         char top = pop(pila);
      |                    ^~~
exercises.c:158:10: error: implicit declaration of function ‘isEmpty’ [-Werror=implicit-function-declaration]
  158 |   return isEmpty(&pila);
      |          ^~~~~~~
cc1: all warnings being treated as errors
Compilation failed
bd3f459
Sun 24 Mar 2024 12:58:27 AM UTC: 
 exercises.c | 4 ++--
 1 file changed, 2 insertions(+), 2 deletions(-)
In file included from test.c:5:
exercises.c: In function ‘parentesisBalanceados’:
exercises.c:147:20: error: initialization of ‘char’ from ‘void *’ makes integer from pointer without a cast [-Werror=int-conversion]
  147 |         char top = pop(pila);
      |                    ^~~
exercises.c:158:10: error: implicit declaration of function ‘isEmpty’ [-Werror=implicit-function-declaration]
  158 |   return isEmpty(&pila);
      |          ^~~~~~~
cc1: all warnings being treated as errors
Compilation failed
f815b21
Sun 24 Mar 2024 12:59:16 AM UTC: 
 exercises.c | 3 ---
 1 file changed, 3 deletions(-)
In file included from test.c:5:
exercises.c: In function ‘parentesisBalanceados’:
exercises.c:147:20: error: initialization of ‘char’ from ‘void *’ makes integer from pointer without a cast [-Werror=int-conversion]
  147 |         char top = pop(pila);
      |                    ^~~
cc1: all warnings being treated as errors
Compilation failed
3d3bd39
Sun 24 Mar 2024 12:59:44 AM UTC: 
 exercises.c | 2 +-
 1 file changed, 1 insertion(+), 1 deletion(-)
In file included from test.c:5:
exercises.c: In function ‘parentesisBalanceados’:
exercises.c:148:36: error: comparison between pointer and integer [-Werror]
  148 |         if ((*cadena == ')' && top != '(') ||
      |                                    ^~
exercises.c:149:36: error: comparison between pointer and integer [-Werror]
  149 |             (*cadena == ']' && top != '[') ||
      |                                    ^~
exercises.c:150:36: error: comparison between pointer and integer [-Werror]
  150 |             (*cadena == '}' && top != '{')) {
      |                                    ^~
cc1: all warnings being treated as errors
Compilation failed
3c474f6
Sun 24 Mar 2024 12:59:58 AM UTC: 
 exercises.c | 6 +++---
 1 file changed, 3 insertions(+), 3 deletions(-)
 tests:  4|1
total_score: 50/70
4e56aef
Sun 24 Mar 2024 01:00:48 AM UTC: 
 exercises.c | 3 ++-
 1 file changed, 2 insertions(+), 1 deletion(-)
 tests:  4|1
total_score: 50/70
47a2f57
Sun 24 Mar 2024 01:02:06 AM UTC: 
 exercises.c | 5 ++++-
 1 file changed, 4 insertions(+), 1 deletion(-)
 tests:  4|1
total_score: 50/70
c25ae12
Sun 24 Mar 2024 01:02:14 AM UTC: 
 exercises.c | 2 +-
 1 file changed, 1 insertion(+), 1 deletion(-)
 tests:  4|1
total_score: 50/70
8a2ddcf
Sun 24 Mar 2024 01:05:10 AM UTC: 
 exercises.c | 2 +-
 1 file changed, 1 insertion(+), 1 deletion(-)
 tests:  4|1
total_score: 50/70
5a67320
Sun 24 Mar 2024 01:06:36 AM UTC: 
 exercises.c | 19 +++++++------------
 1 file changed, 7 insertions(+), 12 deletions(-)
In file included from test.c:5:
exercises.c: In function ‘parentesisBalanceados’:
exercises.c:138:17: error: ‘pila’ undeclared (first use in this function)
  138 |           push(&pila, *cadena);
      |                 ^~~~
exercises.c:138:17: note: each undeclared identifier is reported only once for each function it appears in
exercises.c:138:23: error: passing argument 2 of ‘push’ makes pointer from integer without a cast [-Werror=int-conversion]
  138 |           push(&pila, *cadena);
      |                       ^~~~~~~
      |                       |
      |                       char
In file included from exercises.c:7,
                 from test.c:5:
stack.h:11:31: note: expected ‘void *’ but argument is of type ‘char’
   11 | void push(Stack *stack, void *data) { pushFront(stack, data); }
      |                         ~~~~~~^~~~
In file included from test.c:5:
exercises.c:140:15: error: implicit declaration of function ‘isEmpty’ [-Werror=implicit-function-declaration]
  140 |           if (isEmpty(&pila)) {
      |               ^~~~~~~
cc1: all warnings being treated as errors
Compilation failed
bd9a5b2
Sun 24 Mar 2024 01:07:37 AM UTC: 
 exercises.c | 12 ++++++------
 1 file changed, 6 insertions(+), 6 deletions(-)
In file included from test.c:5:
exercises.c: In function ‘parentesisBalanceados’:
exercises.c:138:16: error: ‘pila’ undeclared (first use in this function)
  138 |           push(pila, *cadena);
      |                ^~~~
exercises.c:138:16: note: each undeclared identifier is reported only once for each function it appears in
exercises.c:138:22: error: passing argument 2 of ‘push’ makes pointer from integer without a cast [-Werror=int-conversion]
  138 |           push(pila, *cadena);
      |                      ^~~~~~~
      |                      |
      |                      char
In file included from exercises.c:7,
                 from test.c:5:
stack.h:11:31: note: expected ‘void *’ but argument is of type ‘char’
   11 | void push(Stack *stack, void *data) { pushFront(stack, data); }
      |                         ~~~~~~^~~~
cc1: all warnings being treated as errors
Compilation failed
6b43b18
Sun 24 Mar 2024 01:07:48 AM UTC: 
 exercises.c | 2 +-
 1 file changed, 1 insertion(+), 1 deletion(-)
In file included from test.c:5:
exercises.c: In function ‘parentesisBalanceados’:
exercises.c:138:16: error: ‘pila’ undeclared (first use in this function)
  138 |           push(pila, *cadena);
      |                ^~~~
exercises.c:138:16: note: each undeclared identifier is reported only once for each function it appears in
exercises.c:138:22: error: passing argument 2 of ‘push’ makes pointer from integer without a cast [-Werror=int-conversion]
  138 |           push(pila, *cadena);
      |                      ^~~~~~~
      |                      |
      |                      char
In file included from exercises.c:7,
                 from test.c:5:
stack.h:11:31: note: expected ‘void *’ but argument is of type ‘char’
   11 | void push(Stack *stack, void *data) { pushFront(stack, data); }
      |                         ~~~~~~^~~~
cc1: all warnings being treated as errors
Compilation failed
cbd565c
Sun 24 Mar 2024 01:08:02 AM UTC: 
 exercises.c | 2 +-
 1 file changed, 1 insertion(+), 1 deletion(-)
In file included from test.c:5:
exercises.c: In function ‘parentesisBalanceados’:
exercises.c:138:16: error: ‘pila’ undeclared (first use in this function)
  138 |           push(pila, cadena);
      |                ^~~~
exercises.c:138:16: note: each undeclared identifier is reported only once for each function it appears in
Compilation failed
95f88c6
Sun 24 Mar 2024 01:08:09 AM UTC: 
 exercises.c | 4 ++--
 1 file changed, 2 insertions(+), 2 deletions(-)
In file included from test.c:5:
exercises.c: In function ‘parentesisBalanceados’:
exercises.c:138:17: error: ‘pila’ undeclared (first use in this function)
  138 |           push(*pila, cadena);
      |                 ^~~~
exercises.c:138:17: note: each undeclared identifier is reported only once for each function it appears in
Compilation failed
618dbd9
Sun 24 Mar 2024 01:08:27 AM UTC: 
 exercises.c | 5 +++--
 1 file changed, 3 insertions(+), 2 deletions(-)
 tests:  4|1
total_score: 50/70
f32dc90
Sun 24 Mar 2024 01:08:48 AM UTC: 
 exercises.c | 2 --
 1 file changed, 2 deletions(-)
 tests:  4|1
total_score: 50/70
363b69f
Sun 24 Mar 2024 01:09:59 AM UTC: 
 exercises.c | 2 +-
 1 file changed, 1 insertion(+), 1 deletion(-)
 tests:  4|1
total_score: 50/70
a7acdc3
Sun 24 Mar 2024 01:10:10 AM UTC: 
 exercises.c | 2 +-
 1 file changed, 1 insertion(+), 1 deletion(-)
 tests:  0|0
total_score: 50/70
9cd2133
Sun 24 Mar 2024 01:10:17 AM UTC: 
 exercises.c | 2 +-
 1 file changed, 1 insertion(+), 1 deletion(-)
 tests:  5|1
total_score: 50/70
7c94324
